\BOOKMARK [0][-]{chapter.1}{Acknowledgement}{}% 1
\BOOKMARK [0][-]{chapter.2}{Introduction}{}% 2
\BOOKMARK [1][-]{section.2.1}{Rainmaler Labs}{chapter.2}% 3
\BOOKMARK [2][-]{subsection.2.1.1}{Company's culture}{section.2.1}% 4
\BOOKMARK [2][-]{subsection.2.1.2}{Teams}{section.2.1}% 5
\BOOKMARK [1][-]{section.2.2}{Projects}{chapter.2}% 6
\BOOKMARK [0][-]{chapter.3}{Software Development Method}{}% 7
\BOOKMARK [1][-]{section.3.1}{SCRUM}{chapter.3}% 8
\BOOKMARK [1][-]{section.3.2}{JIRA}{chapter.3}% 9
\BOOKMARK [1][-]{section.3.3}{GitHub}{chapter.3}% 10
\BOOKMARK [1][-]{section.3.4}{Charles}{chapter.3}% 11
\BOOKMARK [1][-]{section.3.5}{Testing}{chapter.3}% 12
\BOOKMARK [0][-]{chapter.4}{My Project}{}% 13
\BOOKMARK [1][-]{section.4.1}{Project's purpose}{chapter.4}% 14
\BOOKMARK [1][-]{section.4.2}{Important technics implemented}{chapter.4}% 15
\BOOKMARK [2][-]{subsection.4.2.1}{BlinkID}{section.4.2}% 16
\BOOKMARK [2][-]{subsection.4.2.2}{QR code}{section.4.2}% 17
\BOOKMARK [2][-]{subsection.4.2.3}{Android location service}{section.4.2}% 18
\BOOKMARK [2][-]{subsection.4.2.4}{Geofencing}{section.4.2}% 19
\BOOKMARK [2][-]{subsection.4.2.5}{Push notification}{section.4.2}% 20
\BOOKMARK [2][-]{subsection.4.2.6}{Google Cloud Message \(GCM\)}{section.4.2}% 21
\BOOKMARK [2][-]{subsection.4.2.7}{Social network sharing}{section.4.2}% 22
\BOOKMARK [2][-]{subsection.4.2.8}{Map}{section.4.2}% 23
\BOOKMARK [2][-]{subsection.4.2.9}{Communication method between client and server}{section.4.2}% 24
\BOOKMARK [1][-]{section.4.3}{Algorithm utilized}{chapter.4}% 25
\BOOKMARK [2][-]{subsection.4.3.1}{Brief description}{section.4.3}% 26
\BOOKMARK [2][-]{subsection.4.3.2}{Solution}{section.4.3}% 27
\BOOKMARK [1][-]{section.4.4}{Database's synchronization}{chapter.4}% 28
\BOOKMARK [0][-]{chapter.5}{Knowledge acquired}{}% 29
\BOOKMARK [1][-]{section.5.1}{Design Pattern}{chapter.5}% 30
\BOOKMARK [1][-]{section.5.2}{Custom View}{chapter.5}% 31
\BOOKMARK [0][-]{chapter.6}{Conclusion}{}% 32
